TN:
SF:C:\Users\Nadav Sherf\React\boilergreat\server\middleware\auth.js
FN:4,(anonymous_0)
FNF:1
FNH:1
FNDA:1,(anonymous_0)
DA:1,1
DA:2,1
DA:4,1
DA:5,1
DA:6,1
DA:8,1
DA:9,1
DA:10,1
DA:11,1
DA:14,0
LF:10
LH:9
BRDA:6,0,0,0
BRDA:6,0,1,1
BRF:2
BRH:1
end_of_record
TN:
SF:C:\Users\Nadav Sherf\React\boilergreat\server\models\user.js
FN:29,(anonymous_0)
FN:36,validateUser
FNF:2
FNH:1
FNDA:2,(anonymous_0)
FNDA:0,validateUser
DA:1,2
DA:2,2
DA:3,2
DA:4,2
DA:6,2
DA:29,2
DA:30,2
DA:31,2
DA:34,2
DA:37,0
DA:43,0
DA:46,2
DA:47,2
LF:13
LH:11
BRF:0
BRH:0
end_of_record
